<?xml version="1.0" encoding="UTF-8"?>
<testsuite xmlns:xsi="http://www.w3.org/2001/XMLSchema-instance" xsi:noNamespaceSchemaLocation="https://maven.apache.org/surefire/maven-surefire-plugin/xsd/surefire-test-report.xsd" name="inf226.inchat.InchatTest" time="0.708" tests="1" errors="1" skipped="0" failures="0">
  <properties>
[...]
</properties>
  <testcase name="chatSetup" classname="inf226.inchat.InchatTest" time="0.704">
    <error message="Unexpected Maybe.nothing()" type="inf226.util.Maybe$NothingException">inf226.util.Maybe$NothingException: Unexpected Maybe.nothing()
</error>
    <system-err><![CDATA[Running test:9f0e809c-3926-45c6-962c-da6f26242f58
SELECT Account.id from Account INNER JOIN User ON user=User.id where User.name='Bob'
]]></system-err>
  </testcase>
</testsuite>